<?xml version="1.0" encoding="UTF-8"?>
<!-- Generated by org.testng.reporters.JUnitXMLReporter -->
<testsuite ignored="0" hostname="karthik123" failures="1" tests="2" name="Test" time="17.96" errors="0" timestamp="2026-08-12T13:56:11 IST">
  <testcase classname="testCases.TC1_Accountregistrationpage" name="verifyAccountRegistration" time="2.541"/>
  <testcase classname="testCases.Tc2_Logintest" name="verify_login" time="11.072">
    <failure type="java.lang.AssertionError" message="expected [true] but found [false]">
      <![CDATA[java.lang.AssertionError: expected [true] but found [false]
at testCases.Tc2_Logintest.verify_login(Tc2_Logintest.java:45)
at java.base/java.util.ArrayList.forEach(ArrayList.java:1604)
... Removed 29 stack frames]]>
    </failure>
  </testcase> <!-- verify_login -->
</testsuite> <!-- Test -->
