<?xml version="1.0" encoding="UTF-8"?>
<!-- Generated by org.testng.reporters.JUnitXMLReporter -->
<testsuite ignored="0" hostname="karthik123" failures="0" tests="3" name="Test" time="45.465" errors="0" timestamp="2026-08-25T13:20:36 IST">
  <testcase classname="testCases.TC3_LoginDDT" name="verify_loginDDT" time="3.814"/>
  <testcase classname="testCases.TC3_LoginDDT" name="verify_loginDDT" time="11.265"/>
  <testcase classname="testCases.TC3_LoginDDT" name="verify_loginDDT" time="11.33"/>
</testsuite> <!-- Test -->
