<?xml version="1.0" encoding="UTF-8"?>
<testng-results ignored="0" total="3" passed="3" failed="0" skipped="0">
  <reporter-output>
  </reporter-output>
  <suite started-at="2026-08-25T13:19:50 IST" name="Suite" finished-at="2026-08-25T13:20:35 IST" duration-ms="45465">
    <groups>
      <group name="DataDriven">
        <method signature="TC3_LoginDDT.verify_loginDDT(java.lang.String,java.lang.String,java.lang.String)[pri:0, instance:testCases.TC3_LoginDDT@7c51f34b]" name="verify_loginDDT" class="testCases.TC3_LoginDDT"/>
      </group> <!-- DataDriven -->
    </groups>
    <test started-at="2026-08-25T13:19:50 IST" name="Test" finished-at="2026-08-25T13:20:35 IST" duration-ms="45465">
      <class name="testCases.TC3_LoginDDT">
        <test-method is-config="true" signature="setup(java.lang.String,java.lang.String)[pri:0, instance:testCases.TC3_LoginDDT@7c51f34b]" started-at="2026-08-25T13:19:50 IST" name="setup" finished-at="2026-08-25T13:20:07 IST" duration-ms="16906" status="PASS">
          <params>
            <param index="0">
              <value>
                <![CDATA[Windows]]>
              </value>
            </param>
            <param index="1">
              <value>
                <![CDATA[chrome]]>
              </value>
            </param>
          </params>
          <reporter-output>
          </reporter-output>
        </test-method> <!-- setup -->
        <test-method signature="verify_loginDDT(java.lang.String,java.lang.String,java.lang.String)[pri:0, instance:testCases.TC3_LoginDDT@7c51f34b]" started-at="2026-08-25T13:20:08 IST" name="verify_loginDDT" data-provider="logindata" finished-at="2026-08-25T13:20:12 IST" duration-ms="3814" status="PASS">
          <params>
            <param index="0">
              <value>
                <![CDATA[karthiksriram7890@gmail.com]]>
              </value>
            </param>
            <param index="1">
              <value>
                <![CDATA[Skram@123]]>
              </value>
            </param>
            <param index="2">
              <value>
                <![CDATA[valid]]>
              </value>
            </param>
          </params>
          <reporter-output>
          </reporter-output>
        </test-method> <!-- verify_loginDDT -->
        <test-method signature="verify_loginDDT(java.lang.String,java.lang.String,java.lang.String)[pri:0, instance:testCases.TC3_LoginDDT@7c51f34b]" started-at="2026-08-25T13:20:12 IST" name="verify_loginDDT" data-provider="logindata" finished-at="2026-08-25T13:20:23 IST" duration-ms="11265" status="PASS">
          <params>
            <param index="0">
              <value>
                <![CDATA[testdata@gmail.com]]>
              </value>
            </param>
            <param index="1">
              <value>
                <![CDATA[test]]>
              </value>
            </param>
            <param index="2">
              <value>
                <![CDATA[invalid]]>
              </value>
            </param>
          </params>
          <reporter-output>
          </reporter-output>
        </test-method> <!-- verify_loginDDT -->
        <test-method signature="verify_loginDDT(java.lang.String,java.lang.String,java.lang.String)[pri:0, instance:testCases.TC3_LoginDDT@7c51f34b]" started-at="2026-08-25T13:20:23 IST" name="verify_loginDDT" data-provider="logindata" finished-at="2026-08-25T13:20:35 IST" duration-ms="11330" status="PASS">
          <params>
            <param index="0">
              <value>
                <![CDATA[readdata@123]]>
              </value>
            </param>
            <param index="1">
              <value>
                <![CDATA[john123]]>
              </value>
            </param>
            <param index="2">
              <value>
                <![CDATA[invalid]]>
              </value>
            </param>
          </params>
          <reporter-output>
          </reporter-output>
        </test-method> <!-- verify_loginDDT -->
        <test-method is-config="true" signature="tearDown()[pri:0, instance:testCases.TC3_LoginDDT@7c51f34b]" started-at="2026-08-25T13:20:35 IST" name="tearDown" finished-at="2026-08-25T13:20:35 IST" duration-ms="339" status="PASS">
          <reporter-output>
          </reporter-output>
        </test-method> <!-- tearDown -->
      </class> <!-- testCases.TC3_LoginDDT -->
    </test> <!-- Test -->
  </suite> <!-- Suite -->
</testng-results>
