<?xml version="1.0" encoding="UTF-8"?>
<testng-results ignored="0" total="2" passed="1" failed="1" skipped="0">
  <reporter-output>
  </reporter-output>
  <suite started-at="2026-08-12T13:55:52 IST" name="Master Suite" finished-at="2026-08-12T13:56:10 IST" duration-ms="17960">
    <groups>
      <group name="Master">
        <method signature="TC1_Accountregistrationpage.verifyAccountRegistration()[pri:0, instance:testCases.TC1_Accountregistrationpage@8e50104]" name="verifyAccountRegistration" class="testCases.TC1_Accountregistrationpage"/>
        <method signature="Tc2_Logintest.verify_login()[pri:0, instance:testCases.Tc2_Logintest@45a37759]" name="verify_login" class="testCases.Tc2_Logintest"/>
      </group> <!-- Master -->
      <group name="regression">
        <method signature="TC1_Accountregistrationpage.verifyAccountRegistration()[pri:0, instance:testCases.TC1_Accountregistrationpage@8e50104]" name="verifyAccountRegistration" class="testCases.TC1_Accountregistrationpage"/>
      </group> <!-- regression -->
      <group name="sanity">
        <method signature="TC1_Accountregistrationpage.verifyAccountRegistration()[pri:0, instance:testCases.TC1_Accountregistrationpage@8e50104]" name="verifyAccountRegistration" class="testCases.TC1_Accountregistrationpage"/>
        <method signature="Tc2_Logintest.verify_login()[pri:0, instance:testCases.Tc2_Logintest@45a37759]" name="verify_login" class="testCases.Tc2_Logintest"/>
      </group> <!-- sanity -->
    </groups>
    <test started-at="2026-08-12T13:55:52 IST" name="Test" finished-at="2026-08-12T13:56:10 IST" duration-ms="17960">
      <class name="testCases.TC1_Accountregistrationpage">
        <test-method is-config="true" signature="setup(java.lang.String,java.lang.String)[pri:0, instance:testCases.TC1_Accountregistrationpage@8e50104]" started-at="2026-08-12T13:55:53 IST" name="setup" finished-at="2026-08-12T13:55:55 IST" duration-ms="2065" status="PASS">
          <params>
            <param index="0">
              <value>
                <![CDATA[Windows]]>
              </value>
            </param>
            <param index="1">
              <value>
                <![CDATA[chrome]]>
              </value>
            </param>
          </params>
          <reporter-output>
          </reporter-output>
        </test-method> <!-- setup -->
        <test-method signature="verifyAccountRegistration()[pri:0, instance:testCases.TC1_Accountregistrationpage@8e50104]" started-at="2026-08-12T13:55:55 IST" name="verifyAccountRegistration" finished-at="2026-08-12T13:55:57 IST" duration-ms="2541" status="PASS">
          <reporter-output>
          </reporter-output>
        </test-method> <!-- verifyAccountRegistration -->
        <test-method is-config="true" signature="tearDown()[pri:0, instance:testCases.TC1_Accountregistrationpage@8e50104]" started-at="2026-08-12T13:55:57 IST" name="tearDown" finished-at="2026-08-12T13:55:58 IST" duration-ms="281" status="PASS">
          <reporter-output>
          </reporter-output>
        </test-method> <!-- tearDown -->
      </class> <!-- testCases.TC1_Accountregistrationpage -->
      <class name="testCases.Tc2_Logintest">
        <test-method is-config="true" signature="setup(java.lang.String,java.lang.String)[pri:0, instance:testCases.Tc2_Logintest@45a37759]" started-at="2026-08-12T13:55:58 IST" name="setup" finished-at="2026-08-12T13:55:59 IST" duration-ms="1337" status="PASS">
          <params>
            <param index="0">
              <value>
                <![CDATA[Windows]]>
              </value>
            </param>
            <param index="1">
              <value>
                <![CDATA[chrome]]>
              </value>
            </param>
          </params>
          <reporter-output>
          </reporter-output>
        </test-method> <!-- setup -->
        <test-method signature="verify_login()[pri:0, instance:testCases.Tc2_Logintest@45a37759]" started-at="2026-08-12T13:55:59 IST" name="verify_login" finished-at="2026-08-12T13:56:10 IST" duration-ms="11072" status="FAIL">
          <exception class="java.lang.AssertionError">
            <message>
              <![CDATA[expected [true] but found [false]]]>
            </message>
            <full-stacktrace>
              <![CDATA[java.lang.AssertionError: expected [true] but found [false]
at org.testng.Assert.fail(Assert.java:111)
at org.testng.Assert.failNotEquals(Assert.java:1590)
at org.testng.Assert.assertTrue(Assert.java:57)
at org.testng.Assert.assertTrue(Assert.java:67)
at testCases.Tc2_Logintest.verify_login(Tc2_Logintest.java:45)
at java.base/jdk.internal.reflect.DirectMethodHandleAccessor.invoke(DirectMethodHandleAccessor.java:104)
at java.base/java.lang.reflect.Method.invoke(Method.java:565)
at org.testng.internal.invokers.MethodInvocationHelper.invokeMethod(MethodInvocationHelper.java:141)
at org.testng.internal.invokers.TestInvoker.invokeMethod(TestInvoker.java:697)
at org.testng.internal.invokers.TestInvoker.invokeTestMethod(TestInvoker.java:230)
at org.testng.internal.invokers.MethodRunner.runInSequence(MethodRunner.java:63)
at org.testng.internal.invokers.TestInvoker$MethodInvocationAgent.invoke(TestInvoker.java:1005)
at org.testng.internal.invokers.TestInvoker.invokeTestMethods(TestInvoker.java:203)
at org.testng.internal.invokers.TestMethodWorker.invokeTestMethods(TestMethodWorker.java:154)
at org.testng.internal.invokers.TestMethodWorker.run(TestMethodWorker.java:134)
at java.base/java.util.ArrayList.forEach(ArrayList.java:1604)
at org.testng.TestRunner.privateRun(TestRunner.java:744)
at org.testng.TestRunner.run(TestRunner.java:616)
at org.testng.SuiteRunner.runTest(SuiteRunner.java:421)
at org.testng.SuiteRunner.runSequentially(SuiteRunner.java:413)
at org.testng.SuiteRunner.privateRun(SuiteRunner.java:373)
at org.testng.SuiteRunner.run(SuiteRunner.java:312)
at org.testng.SuiteRunnerWorker.runSuite(SuiteRunnerWorker.java:52)
at org.testng.SuiteRunnerWorker.run(SuiteRunnerWorker.java:95)
at org.testng.TestNG.runSuitesSequentially(TestNG.java:1274)
at org.testng.TestNG.runSuitesLocally(TestNG.java:1208)
at org.testng.TestNG.runSuites(TestNG.java:1112)
at org.testng.TestNG.run(TestNG.java:1079)
at org.testng.remote.AbstractRemoteTestNG.run(AbstractRemoteTestNG.java:115)
at org.testng.remote.RemoteTestNG.initAndRun(RemoteTestNG.java:293)
at org.testng.remote.RemoteTestNG.main(RemoteTestNG.java:91)
]]>
            </full-stacktrace>
          </exception> <!-- java.lang.AssertionError -->
          <reporter-output>
          </reporter-output>
        </test-method> <!-- verify_login -->
        <test-method is-config="true" signature="tearDown()[pri:0, instance:testCases.Tc2_Logintest@45a37759]" started-at="2026-08-12T13:56:10 IST" name="tearDown" finished-at="2026-08-12T13:56:10 IST" duration-ms="229" status="PASS">
          <reporter-output>
          </reporter-output>
        </test-method> <!-- tearDown -->
      </class> <!-- testCases.Tc2_Logintest -->
    </test> <!-- Test -->
  </suite> <!-- Master Suite -->
</testng-results>
